This file contains any messages produced by compilers while
running configure, to aid debugging if configure makes a mistake.

It was created by GLPK configure 4.60, which was
generated by GNU Autoconf 2.71.  Invocation command line was

  $ ./configure --no-create --no-recursion

## --------- ##
## Platform. ##
## --------- ##

hostname = DESKTOP-I2B6959
uname -m = x86_64
uname -r = 5.15.153.1-microsoft-standard-WSL2
uname -s = Linux
uname -v = #1 SMP Fri Mar 29 23:14:13 UTC 2024

/usr/bin/uname -p = x86_64
/bin/uname -X     = unknown

/bin/arch              = x86_64
/usr/bin/arch -k       = unknown
/usr/convex/getsysinfo = unknown
/usr/bin/hostinfo      = unknown
/bin/machine           = unknown
/usr/bin/oslevel       = unknown
/bin/universe          = unknown

PATH: /home/alen21312276/.vscode-server/bin/f1e16e1e6214d7c44d078b1f0607b2388f29d729/bin/remote-cli/
PATH: /usr/local/sbin/
PATH: /usr/local/bin/
PATH: /usr/sbin/
PATH: /usr/bin/
PATH: /sbin/
PATH: /bin/
PATH: /usr/games/
PATH: /usr/local/games/
PATH: /usr/lib/wsl/lib/
PATH: /mnt/c/Program Files/NVIDIA GPU Computing Toolkit/CUDA/v12.2/bin/
PATH: /mnt/c/Program Files/NVIDIA GPU Computing Toolkit/CUDA/v12.2/libnvvp/
PATH: /mnt/c/Program Files/Microsoft MPI/Bin/
PATH: /mnt/c/Windows/system32/
PATH: /mnt/c/Windows/
PATH: /mnt/c/Windows/System32/Wbem/
PATH: /mnt/c/Windows/System32/WindowsPowerShell/v1.0/
PATH: /mnt/c/Windows/System32/OpenSSH/
PATH: /mnt/c/MinGW/bin/
PATH: /mnt/c/Program Files/NVIDIA Corporation/Nsight Compute 2023.2.2/
PATH: /mnt/c/Program Files (x86)/NVIDIA Corporation/PhysX/Common/
PATH: /mnt/c/Program Files/NVIDIA Corporation/NVIDIA NvDLISR/
PATH: /mnt/c/Program Files/Git/cmd/
PATH: /mnt/c/Users/user123/Desktop/inference/cudnn/bin/
PATH: /mnt/c/Users/user123/Desktop/inference/cudnn/lib/
PATH: /mnt/c/Program Files/NVIDIA GPU Computing Toolkit/CUDA/v12.2/extras/CUPTI/lib64/
PATH: /mnt/c/Program Files/NVIDIA GPU Computing Toolkit/CUDA/v12.2/bin/
PATH: /mnt/c/Program Files/NVIDIA GPU Computing Toolkit/CUDA/v12.2/libnvvp/
PATH: /mnt/c/Windows/system32/
PATH: /mnt/c/Windows/
PATH: /mnt/c/Windows/System32/Wbem/
PATH: /mnt/c/Windows/System32/WindowsPowerShell/v1.0/
PATH: /mnt/c/Windows/System32/OpenSSH/
PATH: /mnt/c/MinGW/bin/
PATH: /mnt/c/Program Files/NVIDIA Corporation/Nsight Compute 2023.2.2/
PATH: /mnt/c/Program Files (x86)/NVIDIA Corporation/PhysX/Common/
PATH: /mnt/c/Program Files/NVIDIA Corporation/NVIDIA NvDLISR/
PATH: /mnt/c/Users/user123/AppData/Local/Microsoft/WindowsApps/
PATH: /mnt/c/Users/user123/AppData/Local/Programs/Microsoft VS Code/bin/
PATH: /snap/bin/


## ----------- ##
## Core tests. ##
## ----------- ##

configure:2345: looking for aux files: config.guess config.sub ltmain.sh missing install-sh
configure:2358:  trying ./
configure:2387:   ./config.guess found
configure:2387:   ./config.sub found
configure:2387:   ./ltmain.sh found
configure:2387:   ./missing found
configure:2369:   ./install-sh found
configure:2521: checking for a BSD-compatible install
configure:2594: result: /usr/bin/install -c
configure:2605: checking whether build environment is sane
configure:2660: result: yes
configure:2823: checking for a race-free mkdir -p
configure:2867: result: /usr/bin/mkdir -p
configure:2874: checking for gawk
configure:2895: found /usr/bin/gawk
configure:2906: result: gawk
configure:2917: checking whether make sets $(MAKE)
configure:2940: result: yes
configure:3141: checking for gcc
configure:3162: found /usr/bin/gcc
configure:3173: result: gcc
configure:3526: checking for C compiler version
configure:3535: gcc --version >&5
gcc (Ubuntu 11.4.0-1ubuntu1~22.04) 11.4.0
Copyright (C) 2021 Free Software Foundation, Inc.
This is free software; see the source for copying conditions.  There is NO
warranty; not even for MERCHANTABILITY or FITNESS FOR A PARTICULAR PURPOSE.

configure:3546: $? = 0
configure:3535: gcc -v >&5
Using built-in specs.
COLLECT_GCC=gcc
COLLECT_LTO_WRAPPER=/usr/lib/gcc/x86_64-linux-gnu/11/lto-wrapper
OFFLOAD_TARGET_NAMES=nvptx-none:amdgcn-amdhsa
OFFLOAD_TARGET_DEFAULT=1
Target: x86_64-linux-gnu
Configured with: ../src/configure -v --with-pkgversion='Ubuntu 11.4.0-1ubuntu1~22.04' --with-bugurl=file:///usr/share/doc/gcc-11/README.Bugs --enable-languages=c,ada,c++,go,brig,d,fortran,objc,obj-c++,m2 --prefix=/usr --with-gcc-major-version-only --program-suffix=-11 --program-prefix=x86_64-linux-gnu- --enable-shared --enable-linker-build-id --libexecdir=/usr/lib --without-included-gettext --enable-threads=posix --libdir=/usr/lib --enable-nls --enable-bootstrap --enable-clocale=gnu --enable-libstdcxx-debug --enable-libstdcxx-time=yes --with-default-libstdcxx-abi=new --enable-gnu-unique-object --disable-vtable-verify --enable-plugin --enable-default-pie --with-system-zlib --enable-libphobos-checking=release --with-target-system-zlib=auto --enable-objc-gc=auto --enable-multiarch --disable-werror --enable-cet --with-arch-32=i686 --with-abi=m64 --with-multilib-list=m32,m64,mx32 --enable-multilib --with-tune=generic --enable-offload-targets=nvptx-none=/build/gcc-11-XeT9lY/gcc-11-11.4.0/debian/tmp-nvptx/usr,amdgcn-amdhsa=/build/gcc-11-XeT9lY/gcc-11-11.4.0/debian/tmp-gcn/usr --without-cuda-driver --enable-checking=release --build=x86_64-linux-gnu --host=x86_64-linux-gnu --target=x86_64-linux-gnu --with-build-config=bootstrap-lto-lean --enable-link-serialization=2
Thread model: posix
Supported LTO compression algorithms: zlib zstd
gcc version 11.4.0 (Ubuntu 11.4.0-1ubuntu1~22.04) 
... rest of stderr output deleted ...
configure:3546: $? = 0
configure:3535: gcc -V >&5
gcc: error: unrecognized command-line option '-V'
gcc: fatal error: no input files
compilation terminated.
configure:3546: $? = 1
configure:3535: gcc -qversion >&5
gcc: error: unrecognized command-line option '-qversion'; did you mean '--version'?
gcc: fatal error: no input files
compilation terminated.
configure:3546: $? = 1
configure:3535: gcc -version >&5
gcc: error: unrecognized command-line option '-version'
gcc: fatal error: no input files
compilation terminated.
configure:3546: $? = 1
configure:3566: checking whether the C compiler works
configure:3588: gcc    conftest.c  >&5
configure:3592: $? = 0
configure:3642: result: yes
configure:3645: checking for C compiler default output file name
configure:3647: result: a.out
configure:3653: checking for suffix of executables
configure:3660: gcc -o conftest    conftest.c  >&5
configure:3664: $? = 0
configure:3687: result: 
configure:3709: checking whether we are cross compiling
configure:3717: gcc -o conftest    conftest.c  >&5
configure:3721: $? = 0
configure:3728: ./conftest
configure:3732: $? = 0
configure:3747: result: no
configure:3752: checking for suffix of object files
configure:3775: gcc -c   conftest.c >&5
configure:3779: $? = 0
configure:3801: result: o
configure:3805: checking whether the compiler supports GNU C
configure:3825: gcc -c   conftest.c >&5
configure:3825: $? = 0
configure:3835: result: yes
configure:3846: checking whether gcc accepts -g
configure:3867: gcc -c -g  conftest.c >&5
configure:3867: $? = 0
configure:3911: result: yes
configure:3931: checking for gcc option to enable C11 features
configure:3946: gcc  -c -g -O2  conftest.c >&5
configure:3946: $? = 0
configure:3964: result: none needed
configure:4085: checking for style of include used by make
configure:4113: result: GNU
configure:4140: checking dependency style of gcc
configure:4252: result: gcc3
configure:4301: checking build system type
configure:4316: result: x86_64-unknown-linux-gnu
configure:4336: checking host system type
configure:4350: result: x86_64-unknown-linux-gnu
configure:4391: checking how to print strings
configure:4418: result: printf
configure:4439: checking for a sed that does not truncate output
configure:4509: result: /usr/bin/sed
configure:4527: checking for grep that handles long lines and -e
configure:4591: result: /usr/bin/grep
configure:4596: checking for egrep
configure:4664: result: /usr/bin/grep -E
configure:4669: checking for fgrep
configure:4737: result: /usr/bin/grep -F
configure:4773: checking for ld used by gcc
configure:4841: result: /usr/bin/ld
configure:4848: checking if the linker (/usr/bin/ld) is GNU ld
configure:4864: result: yes
configure:4876: checking for BSD- or MS-compatible name lister (nm)
configure:4926: result: /usr/bin/nm -B
configure:5066: checking the name lister (/usr/bin/nm -B) interface
configure:5074: gcc -c -g -O2  conftest.c >&5
configure:5077: /usr/bin/nm -B "conftest.o"
configure:5080: output
0000000000000000 B some_variable
configure:5087: result: BSD nm
configure:5090: checking whether ln -s works
configure:5094: result: yes
configure:5102: checking the maximum length of command line arguments
configure:5228: result: 1572864
configure:5245: checking whether the shell understands some XSI constructs
configure:5255: result: yes
configure:5259: checking whether the shell understands "+="
configure:5265: result: yes
configure:5300: checking how to convert x86_64-unknown-linux-gnu file names to x86_64-unknown-linux-gnu format
configure:5341: result: func_convert_file_noop
configure:5348: checking how to convert x86_64-unknown-linux-gnu file names to toolchain format
configure:5369: result: func_convert_file_noop
configure:5376: checking for /usr/bin/ld option to reload object files
configure:5384: result: -r
configure:5463: checking for objdump
configure:5484: found /usr/bin/objdump
configure:5495: result: objdump
configure:5527: checking how to recognize dependent libraries
configure:5730: result: pass_all
configure:5820: checking for dlltool
configure:5855: result: no
configure:5885: checking how to associate runtime and link libraries
configure:5913: result: printf %s\n
configure:5979: checking for ar
configure:6000: found /usr/bin/ar
configure:6011: result: ar
configure:6048: checking for archiver @FILE support
configure:6066: gcc -c -g -O2  conftest.c >&5
configure:6066: $? = 0
configure:6070: ar cru libconftest.a @conftest.lst >&5
ar: `u' modifier ignored since `D' is the default (see `U')
configure:6073: $? = 0
configure:6078: ar cru libconftest.a @conftest.lst >&5
ar: `u' modifier ignored since `D' is the default (see `U')
ar: conftest.o: No such file or directory
configure:6081: $? = 1
configure:6093: result: @
configure:6156: checking for strip
configure:6177: found /usr/bin/strip
configure:6188: result: strip
configure:6265: checking for ranlib
configure:6286: found /usr/bin/ranlib
configure:6297: result: ranlib
configure:6399: checking command to parse /usr/bin/nm -B output from gcc object
configure:6519: gcc -c -g -O2  conftest.c >&5
configure:6522: $? = 0
configure:6526: /usr/bin/nm -B conftest.o \| sed -n -e 's/^.*[ ]\([ABCDGIRSTW][ABCDGIRSTW]*\)[ ][ ]*\([_A-Za-z][_A-Za-z0-9]*\)$/\1 \2 \2/p' | sed '/ __gnu_lto/d' \> conftest.nm
configure:6529: $? = 0
configure:6595: gcc -o conftest -g -O2   conftest.c conftstm.o >&5
configure:6598: $? = 0
configure:6636: result: ok
configure:6673: checking for sysroot
configure:6704: result: no
configure:6782: gcc -c -g -O2  conftest.c >&5
configure:6785: $? = 0
configure:6955: checking for mt
configure:6976: found /usr/bin/mt
configure:6987: result: mt
configure:7010: checking if mt is a manifest tool
configure:7017: mt '-?'
configure:7025: result: no
configure:7710: checking for stdio.h
configure:7710: gcc -c -g -O2  conftest.c >&5
configure:7710: $? = 0
configure:7710: result: yes
configure:7710: checking for stdlib.h
configure:7710: gcc -c -g -O2  conftest.c >&5
configure:7710: $? = 0
configure:7710: result: yes
configure:7710: checking for string.h
configure:7710: gcc -c -g -O2  conftest.c >&5
configure:7710: $? = 0
configure:7710: result: yes
configure:7710: checking for inttypes.h
configure:7710: gcc -c -g -O2  conftest.c >&5
configure:7710: $? = 0
configure:7710: result: yes
configure:7710: checking for stdint.h
configure:7710: gcc -c -g -O2  conftest.c >&5
configure:7710: $? = 0
configure:7710: result: yes
configure:7710: checking for strings.h
configure:7710: gcc -c -g -O2  conftest.c >&5
configure:7710: $? = 0
configure:7710: result: yes
configure:7710: checking for sys/stat.h
configure:7710: gcc -c -g -O2  conftest.c >&5
configure:7710: $? = 0
configure:7710: result: yes
configure:7710: checking for sys/types.h
configure:7710: gcc -c -g -O2  conftest.c >&5
configure:7710: $? = 0
configure:7710: result: yes
configure:7710: checking for unistd.h
configure:7710: gcc -c -g -O2  conftest.c >&5
configure:7710: $? = 0
configure:7710: result: yes
configure:7735: checking for dlfcn.h
configure:7735: gcc -c -g -O2  conftest.c >&5
configure:7735: $? = 0
configure:7735: result: yes
configure:7923: checking for objdir
configure:7939: result: .libs
configure:8210: checking if gcc supports -fno-rtti -fno-exceptions
configure:8229: gcc -c -g -O2  -fno-rtti -fno-exceptions conftest.c >&5
cc1: warning: command-line option '-fno-rtti' is valid for C++/D/ObjC++ but not for C
configure:8233: $? = 0
configure:8246: result: no
configure:8556: checking for gcc option to produce PIC
configure:8564: result: -fPIC -DPIC
configure:8572: checking if gcc PIC flag -fPIC -DPIC works
configure:8591: gcc -c -g -O2  -fPIC -DPIC -DPIC conftest.c >&5
configure:8595: $? = 0
configure:8608: result: yes
configure:8637: checking if gcc static flag -static works
configure:8666: result: yes
configure:8681: checking if gcc supports -c -o file.o
configure:8703: gcc -c -g -O2  -o out/conftest2.o conftest.c >&5
configure:8707: $? = 0
configure:8729: result: yes
configure:8737: checking if gcc supports -c -o file.o
configure:8785: result: yes
configure:8818: checking whether the gcc linker (/usr/bin/ld -m elf_x86_64) supports shared libraries
configure:9983: result: yes
configure:10020: checking whether -lc should be explicitly linked in
configure:10029: gcc -c -g -O2  conftest.c >&5
configure:10032: $? = 0
configure:10047: gcc -shared  -fPIC -DPIC conftest.o  -v -Wl,-soname -Wl,conftest -o conftest 2\>\&1 \| /usr/bin/grep  -lc  \>/dev/null 2\>\&1
configure:10050: $? = 0
configure:10064: result: no
configure:10229: checking dynamic linker characteristics
configure:10744: gcc -o conftest -g -O2   -Wl,-rpath -Wl,/foo conftest.c  >&5
configure:10744: $? = 0
configure:10968: result: GNU/Linux ld.so
configure:11075: checking how to hardcode library paths into programs
configure:11100: result: immediate
configure:11644: checking whether stripping libraries is possible
configure:11649: result: yes
configure:11684: checking if libtool supports shared libraries
configure:11686: result: yes
configure:11689: checking whether to build shared libraries
configure:11710: result: yes
configure:11713: checking whether to build static libraries
configure:11717: result: yes
configure:11753: checking for exp in -lm
configure:11776: gcc -o conftest -g -O2   conftest.c -lm   >&5
conftest.c:27:6: warning: conflicting types for built-in function 'exp'; expected 'double(double)' [-Wbuiltin-declaration-mismatch]
   27 | char exp ();
      |      ^~~
conftest.c:1:1: note: 'exp' is declared in header '<math.h>'
    1 | /* confdefs.h */
configure:11776: $? = 0
configure:11786: result: yes
configure:11797: checking for sys/time.h
configure:11797: gcc -c -g -O2  conftest.c >&5
configure:11797: $? = 0
configure:11797: result: yes
configure:11806: checking for gettimeofday
configure:11806: gcc -o conftest -g -O2   conftest.c -lm  >&5
configure:11806: $? = 0
configure:11806: result: yes
configure:11826: checking whether to use GNU MP bignum library
configure:11836: result: no
configure:11840: checking whether to enable shared library support
configure:11863: result: no
configure:11880: checking whether to enable MathProg ODBC support
configure:11902: result: no
configure:11906: checking whether to enable MathProg MySQL support
configure:11919: result: no
configure:11923: checking if libtool needs -no-undefined flag to build shared libraries
configure:11934: result: no
configure:12043: checking that generated files are newer than configure
configure:12049: result: done
configure:12072: creating ./config.status

## ---------------- ##
## Cache variables. ##
## ---------------- ##

ac_cv_build=x86_64-unknown-linux-gnu
ac_cv_c_compiler_gnu=yes
ac_cv_env_CC_set=
ac_cv_env_CC_value=
ac_cv_env_CFLAGS_set=
ac_cv_env_CFLAGS_value=
ac_cv_env_CPPFLAGS_set=
ac_cv_env_CPPFLAGS_value=
ac_cv_env_LDFLAGS_set=
ac_cv_env_LDFLAGS_value=
ac_cv_env_LIBS_set=
ac_cv_env_LIBS_value=
ac_cv_env_build_alias_set=
ac_cv_env_build_alias_value=
ac_cv_env_host_alias_set=
ac_cv_env_host_alias_value=
ac_cv_env_target_alias_set=
ac_cv_env_target_alias_value=
ac_cv_func_gettimeofday=yes
ac_cv_header_dlfcn_h=yes
ac_cv_header_inttypes_h=yes
ac_cv_header_stdint_h=yes
ac_cv_header_stdio_h=yes
ac_cv_header_stdlib_h=yes
ac_cv_header_string_h=yes
ac_cv_header_strings_h=yes
ac_cv_header_sys_stat_h=yes
ac_cv_header_sys_time_h=yes
ac_cv_header_sys_types_h=yes
ac_cv_header_unistd_h=yes
ac_cv_host=x86_64-unknown-linux-gnu
ac_cv_lib_m_exp=yes
ac_cv_objext=o
ac_cv_path_EGREP='/usr/bin/grep -E'
ac_cv_path_FGREP='/usr/bin/grep -F'
ac_cv_path_GREP=/usr/bin/grep
ac_cv_path_SED=/usr/bin/sed
ac_cv_path_install='/usr/bin/install -c'
ac_cv_path_mkdir=/usr/bin/mkdir
ac_cv_prog_AWK=gawk
ac_cv_prog_ac_ct_AR=ar
ac_cv_prog_ac_ct_CC=gcc
ac_cv_prog_ac_ct_MANIFEST_TOOL=mt
ac_cv_prog_ac_ct_OBJDUMP=objdump
ac_cv_prog_ac_ct_RANLIB=ranlib
ac_cv_prog_ac_ct_STRIP=strip
ac_cv_prog_cc_c11=
ac_cv_prog_cc_g=yes
ac_cv_prog_cc_stdc=
ac_cv_prog_make_make_set=yes
am_cv_CC_dependencies_compiler_type=gcc3
lt_cv_ar_at_file=@
lt_cv_archive_cmds_need_lc=no
lt_cv_deplibs_check_method=pass_all
lt_cv_file_magic_cmd='$MAGIC_CMD'
lt_cv_file_magic_test_file=
lt_cv_ld_reload_flag=-r
lt_cv_nm_interface='BSD nm'
lt_cv_objdir=.libs
lt_cv_path_LD=/usr/bin/ld
lt_cv_path_NM='/usr/bin/nm -B'
lt_cv_path_mainfest_tool=no
lt_cv_prog_compiler_c_o=yes
lt_cv_prog_compiler_pic='-fPIC -DPIC'
lt_cv_prog_compiler_pic_works=yes
lt_cv_prog_compiler_rtti_exceptions=no
lt_cv_prog_compiler_static_works=yes
lt_cv_prog_gnu_ld=yes
lt_cv_sharedlib_from_linklib_cmd='printf %s\n'
lt_cv_shlibpath_overrides_runpath=yes
lt_cv_sys_global_symbol_pipe='sed -n -e '\''s/^.*[	 ]\([ABCDGIRSTW][ABCDGIRSTW]*\)[	 ][	 ]*\([_A-Za-z][_A-Za-z0-9]*\)$/\1 \2 \2/p'\'' | sed '\''/ __gnu_lto/d'\'''
lt_cv_sys_global_symbol_to_c_name_address='sed -n -e '\''s/^: \([^ ]*\)[ ]*$/  {\"\1\", (void *) 0},/p'\'' -e '\''s/^[ABCDGIRSTW]* \([^ ]*\) \([^ ]*\)$/  {"\2", (void *) \&\2},/p'\'''
lt_cv_sys_global_symbol_to_c_name_address_lib_prefix='sed -n -e '\''s/^: \([^ ]*\)[ ]*$/  {\"\1\", (void *) 0},/p'\'' -e '\''s/^[ABCDGIRSTW]* \([^ ]*\) \(lib[^ ]*\)$/  {"\2", (void *) \&\2},/p'\'' -e '\''s/^[ABCDGIRSTW]* \([^ ]*\) \([^ ]*\)$/  {"lib\2", (void *) \&\2},/p'\'''
lt_cv_sys_global_symbol_to_cdecl='sed -n -e '\''s/^T .* \(.*\)$/extern int \1();/p'\'' -e '\''s/^[ABCDGIRSTW]* .* \(.*\)$/extern char \1;/p'\'''
lt_cv_sys_max_cmd_len=1572864
lt_cv_to_host_file_cmd=func_convert_file_noop
lt_cv_to_tool_file_cmd=func_convert_file_noop

## ----------------- ##
## Output variables. ##
## ----------------- ##

ACLOCAL='${SHELL} /home/alen21312276/PA2/glpk-4.60/missing --run aclocal-1.12'
AMDEPBACKSLASH='\'
AMDEP_FALSE='#'
AMDEP_TRUE=''
AMTAR='$${TAR-tar}'
AR='ar'
AUTOCONF='${SHELL} /home/alen21312276/PA2/glpk-4.60/missing --run autoconf'
AUTOHEADER='${SHELL} /home/alen21312276/PA2/glpk-4.60/missing --run autoheader'
AUTOMAKE='${SHELL} /home/alen21312276/PA2/glpk-4.60/missing --run automake-1.12'
AWK='gawk'
CC='gcc'
CCDEPMODE='depmode=gcc3'
CFLAGS='-g -O2'
CPPFLAGS=''
CYGPATH_W='echo'
DEFS='-DHAVE_CONFIG_H'
DEPDIR='.deps'
DLLTOOL='false'
DSYMUTIL=''
DUMPBIN=''
ECHO_C=''
ECHO_N='-n'
ECHO_T=''
EGREP='/usr/bin/grep -E'
EXEEXT=''
FGREP='/usr/bin/grep -F'
GREP='/usr/bin/grep'
INSTALL_DATA='${INSTALL} -m 644'
INSTALL_PROGRAM='${INSTALL}'
INSTALL_SCRIPT='${INSTALL}'
INSTALL_STRIP_PROGRAM='$(install_sh) -c -s'
LD='/usr/bin/ld -m elf_x86_64'
LDFLAGS=''
LIBOBJS=''
LIBS='-lm '
LIBTOOL='$(SHELL) $(top_builddir)/libtool'
LIPO=''
LN_S='ln -s'
LTLIBOBJS=''
MAKEINFO='${SHELL} /home/alen21312276/PA2/glpk-4.60/missing --run makeinfo'
MANIFEST_TOOL=':'
MKDIR_P='/usr/bin/mkdir -p'
NM='/usr/bin/nm -B'
NMEDIT=''
NOUNDEFINED=''
OBJDUMP='objdump'
OBJEXT='o'
OTOOL64=''
OTOOL=''
PACKAGE='glpk'
PACKAGE_BUGREPORT='bug-glpk@gnu.org'
PACKAGE_NAME='GLPK'
PACKAGE_STRING='GLPK 4.60'
PACKAGE_TARNAME='glpk'
PACKAGE_URL=''
PACKAGE_VERSION='4.60'
PATH_SEPARATOR=':'
RANLIB='ranlib'
SED='/usr/bin/sed'
SET_MAKE=''
SHELL='/bin/bash'
STRIP='strip'
VERSION='4.60'
ac_ct_AR='ar'
ac_ct_CC='gcc'
ac_ct_DUMPBIN=''
am__EXEEXT_FALSE=''
am__EXEEXT_TRUE='#'
am__fastdepCC_FALSE='#'
am__fastdepCC_TRUE=''
am__include='include'
am__isrc=''
am__leading_dot='.'
am__nodep='_no'
am__quote=''
am__tar='$${TAR-tar} chof - "$$tardir"'
am__untar='$${TAR-tar} xf -'
bindir='${exec_prefix}/bin'
build='x86_64-unknown-linux-gnu'
build_alias=''
build_cpu='x86_64'
build_os='linux-gnu'
build_vendor='unknown'
datadir='${datarootdir}'
datarootdir='${prefix}/share'
docdir='${datarootdir}/doc/${PACKAGE_TARNAME}'
dvidir='${docdir}'
exec_prefix='${prefix}'
host='x86_64-unknown-linux-gnu'
host_alias=''
host_cpu='x86_64'
host_os='linux-gnu'
host_vendor='unknown'
htmldir='${docdir}'
includedir='${prefix}/include'
infodir='${datarootdir}/info'
install_sh='${SHELL} /home/alen21312276/PA2/glpk-4.60/install-sh'
libdir='${exec_prefix}/lib'
libexecdir='${exec_prefix}/libexec'
localedir='${datarootdir}/locale'
localstatedir='${prefix}/var'
mandir='${datarootdir}/man'
mkdir_p='$(MKDIR_P)'
oldincludedir='/usr/include'
pdfdir='${docdir}'
prefix='/usr/local'
program_transform_name='s,x,x,'
psdir='${docdir}'
runstatedir='${localstatedir}/run'
sbindir='${exec_prefix}/sbin'
sharedstatedir='${prefix}/com'
sysconfdir='${prefix}/etc'
target_alias=''

## ----------- ##
## confdefs.h. ##
## ----------- ##

/* confdefs.h */
#define PACKAGE_NAME "GLPK"
#define PACKAGE_TARNAME "glpk"
#define PACKAGE_VERSION "4.60"
#define PACKAGE_STRING "GLPK 4.60"
#define PACKAGE_BUGREPORT "bug-glpk@gnu.org"
#define PACKAGE_URL ""
#define PACKAGE "glpk"
#define VERSION "4.60"
#define HAVE_STDIO_H 1
#define HAVE_STDLIB_H 1
#define HAVE_STRING_H 1
#define HAVE_INTTYPES_H 1
#define HAVE_STDINT_H 1
#define HAVE_STRINGS_H 1
#define HAVE_SYS_STAT_H 1
#define HAVE_SYS_TYPES_H 1
#define HAVE_UNISTD_H 1
#define STDC_HEADERS 1
#define HAVE_DLFCN_H 1
#define LT_OBJDIR ".libs/"
#define HAVE_LIBM 1
#define HAVE_SYS_TIME_H 1
#define HAVE_GETTIMEOFDAY 1

configure: exit 0

## ---------------------- ##
## Running config.status. ##
## ---------------------- ##

This file was extended by GLPK config.status 4.60, which was
generated by GNU Autoconf 2.71.  Invocation command line was

  CONFIG_FILES    = 
  CONFIG_HEADERS  = 
  CONFIG_LINKS    = 
  CONFIG_COMMANDS = 
  $ ./config.status 

on DESKTOP-I2B6959

config.status:1075: creating src/Makefile
config.status:1075: creating examples/Makefile
config.status:1075: creating Makefile
config.status:1075: creating config.h
config.status:1256: config.h is unchanged
config.status:1304: executing depfiles commands
config.status:1304: executing libtool commands

## ---------------------- ##
## Running config.status. ##
## ---------------------- ##

This file was extended by GLPK config.status 4.60, which was
generated by GNU Autoconf 2.71.  Invocation command line was

  CONFIG_FILES    = 
  CONFIG_HEADERS  = 
  CONFIG_LINKS    = 
  CONFIG_COMMANDS = 
  $ ./config.status config.h

on DESKTOP-I2B6959

config.status:1075: creating config.h
